  Board.cpp
C:\Users\USER\source\repos\pacmanProject\PacmanProj\Board.cpp(52,43): warning C4267: '=': conversion from 'size_t' to 'int', possible loss of data
C:\Users\USER\source\repos\pacmanProject\PacmanProj\Board.cpp(76,25): warning C4309: '=': truncation of constant value
C:\Users\USER\source\repos\pacmanProject\PacmanProj\Board.cpp(85,25): warning C4309: '=': truncation of constant value
C:\Users\USER\source\repos\pacmanProject\PacmanProj\Board.cpp(19,6): warning C4101: 'height': unreferenced local variable
C:\Users\USER\source\repos\pacmanProject\PacmanProj\Board.cpp(19,14): warning C4101: 'lengthTotal': unreferenced local variable
  Fruit.cpp
C:\Users\USER\source\repos\pacmanProject\PacmanProj\Fruit.cpp(5,12): warning C4244: 'argument': conversion from 'time_t' to 'unsigned int', possible loss of data
  Ghost.cpp
  Menu.cpp
  Object.cpp
  Game.cpp
C:\Users\USER\source\repos\pacmanProject\PacmanProj\Game.cpp(169,20): warning C4309: 'initializing': truncation of constant value
C:\Users\USER\source\repos\pacmanProject\PacmanProj\Game.cpp(829,29): warning C4267: '=': conversion from 'size_t' to 'int', possible loss of data
C:\Users\USER\source\repos\pacmanProject\PacmanProj\Game.cpp(911,20): warning C4309: 'initializing': truncation of constant value
C:\Users\USER\source\repos\pacmanProject\PacmanProj\Game.cpp(1154,2): warning C4267: '=': conversion from 'size_t' to 'int', possible loss of data
C:\Users\USER\source\repos\pacmanProject\PacmanProj\Game.cpp(441,13): warning C4244: 'argument': conversion from 'time_t' to 'unsigned int', possible loss of data
C:\Users\USER\source\repos\pacmanProject\PacmanProj\Game.cpp(212): message : see reference to function template instantiation 'void Game::moveCreature<Ghost>(Creature &,int,int)' being compiled
          with
          [
              Creature=Ghost
          ]
  main.cpp
C:\Users\USER\source\repos\pacmanProject\PacmanProj\main.cpp(10,1): warning C4326: return type of 'main' should be 'int' instead of 'void'
  Pacman.cpp
  Position.cpp
  Generating Code...
C:\Users\USER\source\repos\pacmanProject\PacmanProj\Game.cpp(843): warning C4715: 'Game::loadFile': not all control paths return a value
C:\Users\USER\source\repos\pacmanProject\PacmanProj\Menu.cpp(78): warning C4715: 'Menu::printMenu': not all control paths return a value
C:\Users\USER\source\repos\pacmanProject\PacmanProj\Menu.cpp(141): warning C4715: 'Menu::printColorToggle': not all control paths return a value
  PacmanProj.vcxproj -> C:\Users\USER\source\repos\pacmanProject\x64\Debug\PacmanProj.exe
